Rebuild target 'Target 1'
compiling main.c...
compiling gd32f10x_it.c...
compiling sonar.c...
compiling uart.c...
compiling gd32f10x_adc.c...
compiling gd32f10x_crc.c...
compiling gd32f10x_dma.c...
compiling gd32f10x_exti.c...
compiling gd32f10x_i2c.c...
compiling gd32f10x_gpio.c...
compiling gd32f10x_rtc.c...
compiling gd32f10x_spi.c...
compiling gd32f10x_timer.c...
compiling gd32f10x_usart.c...
compiling gd32f10x_misc.c...
compiling gd32f10x_rcu.c...
compiling system_gd32f10x.c...
assembling startup_gd32f10x_md.s...
compiling event_groups.c...
compiling heap_4.c...
compiling list.c...
compiling port.c...
compiling queue.c...
compiling tasks.c...
compiling timers.c...
linking...
Program Size: Code=7692 RO-data=292 RW-data=132 ZI-data=16868  
FromELF: creating hex file...
".\Objects\Sonar_Sensor.axf" - 0 Error(s), 0 Warning(s).
