Rebuild target 'stm32f407_ssc_hal'
assembling startup_stm32f407xx.s...
compiling main.c...
compiling gpio.c...
compiling spi.c...
compiling tim.c...
compiling stm32f4xx_it.c...
compiling stm32f4xx_hal_msp.c...
compiling usart.c...
compiling stm32f4xx_hal_spi.c...
compiling stm32f4xx_hal_rcc.c...
compiling stm32f4xx_hal_rcc_ex.c...
compiling stm32f4xx_hal_flash.c...
compiling stm32f4xx_hal_flash_ex.c...
compiling stm32f4xx_hal_flash_ramfunc.c...
compiling stm32f4xx_hal_gpio.c...
compiling stm32f4xx_hal_dma_ex.c...
compiling stm32f4xx_hal_dma.c...
compiling stm32f4xx_hal_pwr.c...
compiling stm32f4xx_hal_pwr_ex.c...
compiling stm32f4xx_hal_cortex.c...
compiling stm32f4xx_hal.c...
compiling stm32f4xx_hal_exti.c...
compiling stm32f4xx_hal_tim.c...
compiling stm32f4xx_hal_tim_ex.c...
compiling stm32f4xx_hal_uart.c...
compiling system_stm32f4xx.c...
compiling coeappl.c...
compiling ecatappl.c...
compiling ecatcoe.c...
compiling ecatslv.c...
compiling mailbox.c...
compiling SSC-Device.c...
compiling objdef.c...
compiling sdoserv.c...
compiling TR8253Evb.c...
compiling Application.c...
..\HARDWARE\Application.c(25): error:  #65: expected a ";"
        memcpy(&DIUnit10x6000, &DOUnit20x7000, ECAT_PDO_TOTAL_BYTES);
..\HARDWARE\Application.c: 0 warnings, 1 error
compiling App_Flash.c...
compiling ecat_api.c...
"stm32f407_ssc_hal\stm32f407_ssc_hal.axf" - 1 Error(s), 0 Warning(s).
Target not created.
Build Time Elapsed:  00:00:57
